<?xml version="1.0" encoding="UTF-8"?>
<testsuite xmlns:xsi="http://www.w3.org/2001/XMLSchema-instance" xsi:schemaLocation="https://maven.apache.org/surefire/maven-surefire-plugin/xsd/surefire-test-report.xsd" name="step_definition.TestRunner" time="176.287" tests="78" errors="0" skipped="0" failures="2">
  <properties>
[...]
</properties>
  <testcase name="Given I open &apos;http://85.93.17.135:9000/&apos;" classname="Scenario: I would​ like​ to​ create new valid user account." time="0.001"/>
  <testcase name="And I want to &apos;delete&apos; all users" classname="Scenario: I would​ like​ to​ create new valid user account." time="0.004"/>
  <testcase name="Given I create an account using the following details:" classname="Scenario: I would​ like​ to​ create new valid user account." time="0.001"/>
  <testcase name="When I click on submit button" classname="Scenario: I would​ like​ to​ create new valid user account." time="0"/>
  <testcase name="Then I should see the user &apos;CucumberUser&apos; is exist" classname="Scenario: I would​ like​ to​ create new valid user account." time="0.001"/>
  <testcase name="Scenario: I would​ like​ to​ create new valid user account." classname="Scenario: I would​ like​ to​ create new valid user account." time="0.75"/>
  <testcase name="Given I open &apos;http://85.93.17.135:9000/&apos;" classname="| CucumberUser | cucumberuseremail@gmail.com | 123 | 123 | Password must be at least 6 chars |" time="0.001"/>
  <testcase name="And I want to &apos;delete&apos; all users" classname="| CucumberUser | cucumberuseremail@gmail.com | 123 | 123 | Password must be at least 6 chars |" time="0"/>
  <testcase name="Given I want to enter name as &apos;CucumberUser&apos;" classname="| CucumberUser | cucumberuseremail@gmail.com | 123 | 123 | Password must be at least 6 chars |" time="0"/>
  <testcase name="And I want to enter email as &apos;cucumberuseremail@gmail.com&apos;" classname="| CucumberUser | cucumberuseremail@gmail.com | 123 | 123 | Password must be at least 6 chars |" time="0"/>
  <testcase name="And I want to enter password as &apos;123&apos;" classname="| CucumberUser | cucumberuseremail@gmail.com | 123 | 123 | Password must be at least 6 chars |" time="0"/>
  <testcase name="And I want to enter confirmation password as &apos;123&apos;" classname="| CucumberUser | cucumberuseremail@gmail.com | 123 | 123 | Password must be at least 6 chars |" time="0"/>
  <testcase name="When I click on submit button" classname="| CucumberUser | cucumberuseremail@gmail.com | 123 | 123 | Password must be at least 6 chars |" time="0"/>
  <testcase name="Then I should see the message &apos;Password must be at least 6 chars&apos;" classname="| CucumberUser | cucumberuseremail@gmail.com | 123 | 123 | Password must be at least 6 chars |" time="0.006">
    <failure type="java.lang.AssertionError">java.lang.AssertionError
</failure>
  </testcase>
  <testcase name="| CucumberUser | cucumberuseremail@gmail.com | 123 | 123 | Password must be at least 6 chars |" classname="| CucumberUser | cucumberuseremail@gmail.com | 123 | 123 | Password must be at least 6 chars |" time="0.006">
    <failure type="java.lang.AssertionError">java.lang.AssertionError
</failure>
  </testcase>
  <testcase name="Given I open &apos;http://85.93.17.135:9000/&apos;" classname="|  | cucumberuseremail@gmail.com | 123456 | 123456 | Required |" time="0"/>
  <testcase name="And I want to &apos;delete&apos; all users" classname="|  | cucumberuseremail@gmail.com | 123456 | 123456 | Required |" time="0.001"/>
  <testcase name="Given I want to enter name as &apos;&apos;" classname="|  | cucumberuseremail@gmail.com | 123456 | 123456 | Required |" time="0.003"/>
  <testcase name="And I want to enter email as &apos;cucumberuseremail@gmail.com&apos;" classname="|  | cucumberuseremail@gmail.com | 123456 | 123456 | Required |" time="0"/>
  <testcase name="And I want to enter password as &apos;123456&apos;" classname="|  | cucumberuseremail@gmail.com | 123456 | 123456 | Required |" time="0"/>
  <testcase name="And I want to enter confirmation password as &apos;123456&apos;" classname="|  | cucumberuseremail@gmail.com | 123456 | 123456 | Required |" time="0"/>
  <testcase name="When I click on submit button" classname="|  | cucumberuseremail@gmail.com | 123456 | 123456 | Required |" time="0"/>
  <testcase name="Then I should see the message &apos;Required&apos;" classname="|  | cucumberuseremail@gmail.com | 123456 | 123456 | Required |" time="0.001"/>
  <testcase name="|  | cucumberuseremail@gmail.com | 123456 | 123456 | Required |" classname="|  | cucumberuseremail@gmail.com | 123456 | 123456 | Required |" time="0.475"/>
  <testcase name="Given I open &apos;http://85.93.17.135:9000/&apos;" classname="| CucumberUser |  | 123456 | 123456 | Required |" time="0"/>
  <testcase name="And I want to &apos;delete&apos; all users" classname="| CucumberUser |  | 123456 | 123456 | Required |" time="0"/>
  <testcase name="Given I want to enter name as &apos;CucumberUser&apos;" classname="| CucumberUser |  | 123456 | 123456 | Required |" time="0"/>
  <testcase name="And I want to enter email as &apos;&apos;" classname="| CucumberUser |  | 123456 | 123456 | Required |" time="0"/>
  <testcase name="And I want to enter password as &apos;123456&apos;" classname="| CucumberUser |  | 123456 | 123456 | Required |" time="0"/>
  <testcase name="And I want to enter confirmation password as &apos;123456&apos;" classname="| CucumberUser |  | 123456 | 123456 | Required |" time="0"/>
  <testcase name="When I click on submit button" classname="| CucumberUser |  | 123456 | 123456 | Required |" time="0"/>
  <testcase name="Then I should see the message &apos;Required&apos;" classname="| CucumberUser |  | 123456 | 123456 | Required |" time="0"/>
  <testcase name="| CucumberUser |  | 123456 | 123456 | Required |" classname="| CucumberUser |  | 123456 | 123456 | Required |" time="0.828"/>
  <testcase name="Given I open &apos;http://85.93.17.135:9000/&apos;" classname="| CucumberUser | cucumberuseremail@gmail.com |  | 123456 | Required |" time="0"/>
  <testcase name="And I want to &apos;delete&apos; all users" classname="| CucumberUser | cucumberuseremail@gmail.com |  | 123456 | Required |" time="0"/>
  <testcase name="Given I want to enter name as &apos;CucumberUser&apos;" classname="| CucumberUser | cucumberuseremail@gmail.com |  | 123456 | Required |" time="0"/>
  <testcase name="And I want to enter email as &apos;cucumberuseremail@gmail.com&apos;" classname="| CucumberUser | cucumberuseremail@gmail.com |  | 123456 | Required |" time="0"/>
  <testcase name="And I want to enter password as &apos;&apos;" classname="| CucumberUser | cucumberuseremail@gmail.com |  | 123456 | Required |" time="0"/>
  <testcase name="And I want to enter confirmation password as &apos;123456&apos;" classname="| CucumberUser | cucumberuseremail@gmail.com |  | 123456 | Required |" time="0"/>
  <testcase name="When I click on submit button" classname="| CucumberUser | cucumberuseremail@gmail.com |  | 123456 | Required |" time="0"/>
  <testcase name="Then I should see the message &apos;Required&apos;" classname="| CucumberUser | cucumberuseremail@gmail.com |  | 123456 | Required |" time="0"/>
  <testcase name="| CucumberUser | cucumberuseremail@gmail.com |  | 123456 | Required |" classname="| CucumberUser | cucumberuseremail@gmail.com |  | 123456 | Required |" time="2.117"/>
  <testcase name="Given I open &apos;http://85.93.17.135:9000/&apos;" classname="| CucumberUser | cucumberuseremail@gmail.com | 123456 |  | passwords are not the same |" time="0.001"/>
  <testcase name="And I want to &apos;delete&apos; all users" classname="| CucumberUser | cucumberuseremail@gmail.com | 123456 |  | passwords are not the same |" time="0"/>
  <testcase name="Given I want to enter name as &apos;CucumberUser&apos;" classname="| CucumberUser | cucumberuseremail@gmail.com | 123456 |  | passwords are not the same |" time="0"/>
  <testcase name="And I want to enter email as &apos;cucumberuseremail@gmail.com&apos;" classname="| CucumberUser | cucumberuseremail@gmail.com | 123456 |  | passwords are not the same |" time="0"/>
  <testcase name="And I want to enter password as &apos;123456&apos;" classname="| CucumberUser | cucumberuseremail@gmail.com | 123456 |  | passwords are not the same |" time="0"/>
  <testcase name="And I want to enter confirmation password as &apos;&apos;" classname="| CucumberUser | cucumberuseremail@gmail.com | 123456 |  | passwords are not the same |" time="0"/>
  <testcase name="When I click on submit button" classname="| CucumberUser | cucumberuseremail@gmail.com | 123456 |  | passwords are not the same |" time="0"/>
  <testcase name="Then I should see the message &apos;passwords are not the same&apos;" classname="| CucumberUser | cucumberuseremail@gmail.com | 123456 |  | passwords are not the same |" time="0"/>
  <testcase name="| CucumberUser | cucumberuseremail@gmail.com | 123456 |  | passwords are not the same |" classname="| CucumberUser | cucumberuseremail@gmail.com | 123456 |  | passwords are not the same |" time="1.03"/>
  <testcase name="Given I open &apos;http://85.93.17.135:9000/&apos;" classname="| CucumberUser | cucumberuseremail@gmail.com | 123456 | 654321 | passwords are not the same |" time="0"/>
  <testcase name="And I want to &apos;delete&apos; all users" classname="| CucumberUser | cucumberuseremail@gmail.com | 123456 | 654321 | passwords are not the same |" time="0"/>
  <testcase name="Given I want to enter name as &apos;CucumberUser&apos;" classname="| CucumberUser | cucumberuseremail@gmail.com | 123456 | 654321 | passwords are not the same |" time="0"/>
  <testcase name="And I want to enter email as &apos;cucumberuseremail@gmail.com&apos;" classname="| CucumberUser | cucumberuseremail@gmail.com | 123456 | 654321 | passwords are not the same |" time="0"/>
  <testcase name="And I want to enter password as &apos;123456&apos;" classname="| CucumberUser | cucumberuseremail@gmail.com | 123456 | 654321 | passwords are not the same |" time="0"/>
  <testcase name="And I want to enter confirmation password as &apos;654321&apos;" classname="| CucumberUser | cucumberuseremail@gmail.com | 123456 | 654321 | passwords are not the same |" time="0"/>
  <testcase name="When I click on submit button" classname="| CucumberUser | cucumberuseremail@gmail.com | 123456 | 654321 | passwords are not the same |" time="0"/>
  <testcase name="Then I should see the message &apos;passwords are not the same&apos;" classname="| CucumberUser | cucumberuseremail@gmail.com | 123456 | 654321 | passwords are not the same |" time="0"/>
  <testcase name="| CucumberUser | cucumberuseremail@gmail.com | 123456 | 654321 | passwords are not the same |" classname="| CucumberUser | cucumberuseremail@gmail.com | 123456 | 654321 | passwords are not the same |" time="0.664"/>
  <testcase name="Given I open &apos;http://85.93.17.135:9000/&apos;" classname="| CucumberUser | cucumberuseremail@gmail | 123456 | 123456 | Invalid email address |" time="0.001"/>
  <testcase name="And I want to &apos;delete&apos; all users" classname="| CucumberUser | cucumberuseremail@gmail | 123456 | 123456 | Invalid email address |" time="0"/>
  <testcase name="Given I want to enter name as &apos;CucumberUser&apos;" classname="| CucumberUser | cucumberuseremail@gmail | 123456 | 123456 | Invalid email address |" time="0"/>
  <testcase name="And I want to enter email as &apos;cucumberuseremail@gmail&apos;" classname="| CucumberUser | cucumberuseremail@gmail | 123456 | 123456 | Invalid email address |" time="0"/>
  <testcase name="And I want to enter password as &apos;123456&apos;" classname="| CucumberUser | cucumberuseremail@gmail | 123456 | 123456 | Invalid email address |" time="0"/>
  <testcase name="And I want to enter confirmation password as &apos;123456&apos;" classname="| CucumberUser | cucumberuseremail@gmail | 123456 | 123456 | Invalid email address |" time="0"/>
  <testcase name="When I click on submit button" classname="| CucumberUser | cucumberuseremail@gmail | 123456 | 123456 | Invalid email address |" time="0"/>
  <testcase name="Then I should see the message &apos;Invalid email address&apos;" classname="| CucumberUser | cucumberuseremail@gmail | 123456 | 123456 | Invalid email address |" time="0.002"/>
  <testcase name="| CucumberUser | cucumberuseremail@gmail | 123456 | 123456 | Invalid email address |" classname="| CucumberUser | cucumberuseremail@gmail | 123456 | 123456 | Invalid email address |" time="0.995"/>
  <testcase name="Given I open &apos;http://85.93.17.135:9000/&apos;" classname="| CucumberUser | cucumberuseremail | 123456 | 123456 | Invalid email address |" time="0.002"/>
  <testcase name="And I want to &apos;delete&apos; all users" classname="| CucumberUser | cucumberuseremail | 123456 | 123456 | Invalid email address |" time="0"/>
  <testcase name="Given I want to enter name as &apos;CucumberUser&apos;" classname="| CucumberUser | cucumberuseremail | 123456 | 123456 | Invalid email address |" time="0"/>
  <testcase name="And I want to enter email as &apos;cucumberuseremail&apos;" classname="| CucumberUser | cucumberuseremail | 123456 | 123456 | Invalid email address |" time="0"/>
  <testcase name="And I want to enter password as &apos;123456&apos;" classname="| CucumberUser | cucumberuseremail | 123456 | 123456 | Invalid email address |" time="0"/>
  <testcase name="And I want to enter confirmation password as &apos;123456&apos;" classname="| CucumberUser | cucumberuseremail | 123456 | 123456 | Invalid email address |" time="0"/>
  <testcase name="When I click on submit button" classname="| CucumberUser | cucumberuseremail | 123456 | 123456 | Invalid email address |" time="0"/>
  <testcase name="Then I should see the message &apos;Invalid email address&apos;" classname="| CucumberUser | cucumberuseremail | 123456 | 123456 | Invalid email address |" time="0"/>
  <testcase name="| CucumberUser | cucumberuseremail | 123456 | 123456 | Invalid email address |" classname="| CucumberUser | cucumberuseremail | 123456 | 123456 | Invalid email address |" time="0.267"/>
</testsuite>